\BOOKMARK [1][-]{section.1}{\376\377\000I\000\040\000P\000r\000o\000b\000l\000e\000m\000\040\000D\000e\000f\000i\000n\000i\000t\000i\000o\000n}{}% 1
\BOOKMARK [1][-]{section.2}{\376\377\000I\000I\000\040\000A\000n\000a\000l\000y\000s\000i\000s}{}% 2
\BOOKMARK [2][-]{subsection.2.1}{\376\377\000I\000I\000-\000A\000\040\000B\000r\000o\000w\000s\000e\000r\000\040\000S\000t\000a\000t\000e\000\040\000D\000e\000f\000i\000n\000i\000t\000i\000o\000n}{section.2}% 3
\BOOKMARK [2][-]{subsection.2.2}{\376\377\000I\000I\000-\000B\000\040\000P\000o\000s\000s\000i\000b\000l\000e\000\040\000S\000o\000l\000u\000t\000i\000o\000n\000s}{section.2}% 4
\BOOKMARK [2][-]{subsection.2.3}{\376\377\000I\000I\000-\000C\000\040\000I\000m\000p\000l\000e\000m\000e\000n\000t\000a\000t\000i\000o\000n}{section.2}% 5
\BOOKMARK [3][-]{subsubsection.2.3.1}{\376\377\000I\000I\000-\000C\0001\000\040\000S\000a\000v\000i\000n\000g\000\040\000a\000\040\000s\000n\000a\000p\000s\000h\000o\000t\000\040\000o\000f\000\040\000a\000\040\000p\000a\000g\000e}{subsection.2.3}% 6
\BOOKMARK [3][-]{subsubsection.2.3.2}{\376\377\000I\000I\000-\000C\0002\000\040\000P\000r\000o\000b\000l\000e\000m\000s\000\040\000o\000f\000\040\000a\000\040\000l\000o\000c\000a\000l\000\040\000c\000o\000p\000y}{subsection.2.3}% 7
\BOOKMARK [3][-]{subsubsection.2.3.3}{\376\377\000I\000I\000-\000C\0003\000\040\000E\000f\000f\000e\000c\000t\000i\000v\000e\000l\000y\000\040\000r\000e\000s\000p\000o\000n\000d\000s\000\040\000t\000o\000\040\000c\000o\000n\000n\000e\000c\000t\000i\000o\000n\000\040\000l\000o\000s\000s}{subsection.2.3}% 8
\BOOKMARK [3][-]{subsubsection.2.3.4}{\376\377\000I\000I\000-\000C\0004\000\040\000S\000e\000s\000s\000i\000o\000n\000\040\000p\000a\000c\000k\000i\000n\000g}{subsection.2.3}% 9
\BOOKMARK [3][-]{subsubsection.2.3.5}{\376\377\000I\000I\000-\000C\0005\000\040\000S\000e\000s\000s\000i\000o\000n\000\040\000r\000e\000s\000t\000o\000r\000i\000n\000g}{subsection.2.3}% 10
\BOOKMARK [1][-]{section.3}{\376\377\000I\000I\000I\000\040\000T\000e\000s\000t\000\040\000C\000a\000s\000e}{}% 11
\BOOKMARK [2][-]{subsection.3.1}{\376\377\000I\000I\000I\000-\000A\000\040\000S\000i\000m\000u\000l\000a\000t\000i\000n\000g\000\040\000c\000o\000n\000n\000e\000c\000t\000i\000o\000n\000\040\000l\000o\000s\000s}{section.3}% 12
\BOOKMARK [2][-]{subsection.3.2}{\376\377\000I\000I\000I\000-\000B\000\040\000F\000o\000r\000c\000e\000d\000\040\000S\000e\000s\000s\000i\000o\000n\000s\000\040\000D\000e\000s\000t\000r\000u\000c\000t\000i\000o\000n}{section.3}% 13
\BOOKMARK [2][-]{subsection.3.3}{\376\377\000I\000I\000I\000-\000C\000\040\000S\000e\000s\000s\000i\000o\000n\000\040\000M\000i\000g\000r\000a\000t\000i\000o\000n\000\040\000w\000i\000t\000h\000\040\000S\000w\000i\000s\000h\000A\000p\000p}{section.3}% 14
\BOOKMARK [1][-]{section.4}{\376\377\000I\000V\000\040\000L\000i\000m\000i\000t\000s\000\040\000a\000n\000d\000\040\000P\000o\000s\000s\000i\000b\000l\000e\000\040\000I\000m\000p\000r\000o\000v\000e\000m\000e\000n\000t\000s}{}% 15
\BOOKMARK [2][-]{subsection.4.1}{\376\377\000I\000V\000-\000A\000\040\000C\000l\000i\000e\000n\000t\000-\000s\000i\000d\000e\000\040\000i\000s\000s\000u\000e\000s}{section.4}% 16
\BOOKMARK [2][-]{subsection.4.2}{\376\377\000I\000V\000-\000B\000\040\000M\000u\000l\000t\000i\000m\000e\000d\000i\000a\000\040\000s\000t\000r\000e\000a\000m\000s}{section.4}% 17
\BOOKMARK [2][-]{subsection.4.3}{\376\377\000I\000V\000-\000C\000\040\000S\000e\000c\000u\000r\000i\000t\000y}{section.4}% 18
\BOOKMARK [2][-]{subsection.4.4}{\376\377\000I\000V\000-\000D\000\040\000M\000o\000b\000i\000l\000e\000-\000v\000s\000-\000D\000e\000s\000k\000t\000o\000p\000\040\000p\000a\000g\000e\000s\000\040\000l\000a\000y\000o\000u\000t}{section.4}% 19
\BOOKMARK [1][-]{section*.1}{\376\377\000R\000e\000f\000e\000r\000e\000n\000c\000e\000s}{}% 20
